<?xml version="1.0" encoding="UTF-8"?>
<!-- Generated by org.testng.reporters.JUnitXMLReporter -->
<testsuite ignored="8" hostname="Abhay-Gope" failures="0" tests="3" name="Test-Runner=1" time="253.318" errors="0" timestamp="2023-12-01T10:08:04 IST">
  <testcase classname="com.admin.AddEmployee_TC_01_test" name="tc_01_test" time="172.358"/>
  <testcase classname="com.admin.CreateHRHead_DowngradeTo_HROfficer_AddEmployee_TC_31_test" name="tc_31_test" time="205.147"/>
  <testcase classname="com.hrofficer.DeleteEmployee_FromHRO_Check_Employee_KPI_TC_09_test" name="tc_09_test" time="68.607"/>
  <testcase classname="com.hrm.genericutils.BaseClass" name="@AfterTest config_AT" time="0.0">
    <ignored/>
  </testcase> <!-- @AfterTest config_AT -->
  <testcase classname="com.hrm.genericutils.BaseClass" name="@AfterTest config_AT" time="0.0">
    <ignored/>
  </testcase> <!-- @AfterTest config_AT -->
  <testcase classname="com.hrm.genericutils.BaseClass" name="@BeforeTest config_BT" time="0.0">
    <ignored/>
  </testcase> <!-- @BeforeTest config_BT -->
  <testcase classname="com.hrm.genericutils.BaseClass" name="@BeforeTest config_BT" time="0.0">
    <ignored/>
  </testcase> <!-- @BeforeTest config_BT -->
  <testcase classname="com.hrm.genericutils.BaseClass" name="@AfterSuite config_AS" time="0.0">
    <ignored/>
  </testcase> <!-- @AfterSuite config_AS -->
  <testcase classname="com.hrm.genericutils.BaseClass" name="@AfterSuite config_AS" time="0.0">
    <ignored/>
  </testcase> <!-- @AfterSuite config_AS -->
  <testcase classname="com.hrm.genericutils.BaseClass" name="@BeforeSuite config_BS" time="0.0">
    <ignored/>
  </testcase> <!-- @BeforeSuite config_BS -->
  <testcase classname="com.hrm.genericutils.BaseClass" name="@BeforeSuite config_BS" time="0.0">
    <ignored/>
  </testcase> <!-- @BeforeSuite config_BS -->
</testsuite> <!-- Test-Runner=1 -->
