<?xml version="1.0" encoding="UTF-8"?>
<!-- Generated by org.testng.reporters.JUnitXMLReporter -->
<testsuite ignored="4" hostname="Abhay-Gope" failures="0" tests="4" name="Test-Runner=1" time="9.102" errors="0" timestamp="2023-11-26T00:00:59 IST">
  <testcase classname="com.testng.AdminTest" name="addAdmin_1_Test" time="0.024"/>
  <testcase classname="com.testng.AdminTest" name="deleteAdmin_2_Test" time="0.005"/>
  <testcase classname="com.testng.CorporateTest" name="addCorporate_1_Test" time="0.006"/>
  <testcase classname="com.testng.CorporateTest" name="deleteCorporate_2_Test" time="0.04"/>
  <testcase classname="com.hrm.genericutils.BaseClass" name="@AfterTest config_AT" time="0.0">
    <ignored/>
  </testcase> <!-- @AfterTest config_AT -->
  <testcase classname="com.hrm.genericutils.BaseClass" name="@BeforeTest config_BT" time="0.0">
    <ignored/>
  </testcase> <!-- @BeforeTest config_BT -->
  <testcase classname="com.hrm.genericutils.BaseClass" name="@AfterSuite config_AS" time="0.0">
    <ignored/>
  </testcase> <!-- @AfterSuite config_AS -->
  <testcase classname="com.hrm.genericutils.BaseClass" name="@BeforeSuite config_BS" time="0.0">
    <ignored/>
  </testcase> <!-- @BeforeSuite config_BS -->
</testsuite> <!-- Test-Runner=1 -->
