<?xml version="1.0" encoding="UTF-8"?>
<!-- Generated by org.testng.reporters.JUnitXMLReporter -->
<testsuite ignored="0" hostname="Abhay-Gope" failures="0" tests="6" name="Test-Runner=2" time="40.261" errors="0" timestamp="2023-11-21T23:26:05 IST">
  <testcase classname="com.testng.CorporateTest" name="addCorporate_1_Test" time="0.001"/>
  <testcase classname="com.testng.CorporateTest" name="deleteCorporate_2_Test" time="0.001"/>
  <testcase classname="com.testng.BranchTest" name="addBranch_1_Test" time="0.001"/>
  <testcase classname="com.testng.BranchTest" name="deleteBranch_2_Test" time="0.001"/>
  <testcase classname="com.testng.EmployeeTest" name="addEmployee_1_Test" time="0.002"/>
  <testcase classname="com.testng.EmployeeTest" name="deleteEmployee_2_Test" time="0.002"/>
</testsuite> <!-- Test-Runner=2 -->
