<?xml version="1.0" encoding="UTF-8"?>
<!-- Generated by org.testng.reporters.JUnitReportReporter -->
<testsuite hostname="Abhay-Gope" failures="0" tests="1" name="com.admin.AddEmployee_TC_01_test" time="82.485" errors="0" timestamp="2023-11-30T15:15:04 IST" skipped="0">
  <testcase classname="com.admin.AddEmployee_TC_01_test" name="tc_01_test" time="82.485"/>
  <system-out>
[ Test script execution starts from here. ] tc_01_test [ Test script executed successfully. ]  </system-out>
</testsuite> <!-- com.admin.AddEmployee_TC_01_test -->
