<?xml version="1.0" encoding="UTF-8"?>
<!-- Generated by org.testng.reporters.JUnitReportReporter -->
<testsuite hostname="Abhay-Gope" failures="0" tests="2" name="com.testng.AdminTest" time="1.431" errors="0" timestamp="2023-11-26T00:00:59 IST" skipped="0">
  <testcase classname="com.testng.AdminTest" name="deleteAdmin_2_Test" time="0.601"/>
  <system-out/>
  <testcase classname="com.testng.AdminTest" name="addAdmin_1_Test" time="0.830"/>
  <system-out/>
</testsuite> <!-- com.testng.AdminTest -->
