<?xml version="1.0" encoding="UTF-8"?>
<!-- Generated by org.testng.reporters.JUnitReportReporter -->
<testsuite hostname="Abhay-Gope" failures="0" tests="1" name="com.admin.AddEmployeeHRH_Count_Employee_KPI_FromHRO_TC_54_test" time="64.509" errors="0" timestamp="2023-11-22T16:14:30 IST" skipped="0">
  <testcase classname="com.admin.AddEmployeeHRH_Count_Employee_KPI_FromHRO_TC_54_test" name="tc_54_test" time="64.509"/>
  <system-out/>
</testsuite> <!-- com.admin.AddEmployeeHRH_Count_Employee_KPI_FromHRO_TC_54_test -->
