<?xml version="1.0" encoding="UTF-8"?>
<!-- Generated by org.testng.reporters.JUnitReportReporter -->
<testsuite hostname="Abhay-Gope" failures="0" tests="1" name="com.practice.sillySillyMam.BrokenImagesPractice" time="21.567" errors="0" timestamp="2023-12-03T12:51:20 IST" skipped="0">
  <testcase classname="com.practice.sillySillyMam.BrokenImagesPractice" name="brokenImageTest" time="21.567"/>
  <system-out/>
</testsuite> <!-- com.practice.sillySillyMam.BrokenImagesPractice -->
