<?xml version="1.0" encoding="UTF-8"?>
<!-- Generated by org.testng.reporters.JUnitReportReporter -->
<testsuite hostname="Abhay-Gope" failures="0" tests="1" name="com.hrofficer.DeleteEmployee_FromHRO_Check_Employee_KPI_TC_09_test" time="68.992" errors="0" timestamp="2023-12-01T10:10:44 IST" skipped="0">
  <testcase classname="com.hrofficer.DeleteEmployee_FromHRO_Check_Employee_KPI_TC_09_test" name="tc_09_test" time="68.992"/>
  <system-out>
[ Test script execution starts from here. ] [ Test script execution starts from here. ] tc_09_test [ Test script executed successfully. ] tc_09_test [ Test script executed successfully. ]  </system-out>
</testsuite> <!-- com.hrofficer.DeleteEmployee_FromHRO_Check_Employee_KPI_TC_09_test -->
