<?xml version="1.0" encoding="UTF-8"?>
<!-- Generated by org.testng.reporters.JUnitReportReporter -->
<testsuite hostname="Abhay-Gope" failures="0" tests="1" name="com.hrassistant.EditEmployee_FromHRA_CheckFromHRH_TC_24_test" time="88.859" errors="0" timestamp="2023-11-23T12:32:22 IST" skipped="0">
  <testcase classname="com.hrassistant.EditEmployee_FromHRA_CheckFromHRH_TC_24_test" name="tc_24_test" time="88.859"/>
  <system-out/>
</testsuite> <!-- com.hrassistant.EditEmployee_FromHRA_CheckFromHRH_TC_24_test -->
