<?xml version="1.0" encoding="UTF-8"?>
<!-- Generated by org.testng.reporters.JUnitReportReporter -->
<testsuite hostname="Abhay-Gope" failures="0" tests="1" name="com.admin.AddEmployeeHRH_Check_Employee_FromHRO_TC_54_test" time="94.103" errors="0" timestamp="2023-11-23T12:28:48 IST" skipped="0">
  <testcase classname="com.admin.AddEmployeeHRH_Check_Employee_FromHRO_TC_54_test" name="tc_54_test" time="94.103"/>
  <system-out/>
</testsuite> <!-- com.admin.AddEmployeeHRH_Check_Employee_FromHRO_TC_54_test -->
