<?xml version="1.0" encoding="UTF-8"?>
<!-- Generated by org.testng.reporters.JUnitReportReporter -->
<testsuite hostname="Abhay-Gope" failures="0" tests="6" name="com.testng.DataProviderTest" time="0.075" errors="0" timestamp="2023-12-03T11:07:12 IST" skipped="0">
  <testcase classname="com.testng.DataProviderTest" name="getDataFromExcel" time="0.008"/>
  <system-out/>
  <testcase classname="com.testng.DataProviderTest" name="getDataFromExcel" time="0.018"/>
  <system-out/>
  <testcase classname="com.testng.DataProviderTest" name="getDataFromExcel" time="0.004"/>
  <system-out/>
  <testcase classname="com.testng.DataProviderTest" name="getDataFromExcel" time="0.026"/>
  <system-out/>
  <testcase classname="com.testng.DataProviderTest" name="getDataFromExcel" time="0.007"/>
  <system-out/>
  <testcase classname="com.testng.DataProviderTest" name="getDataFromExcel" time="0.012"/>
  <system-out/>
</testsuite> <!-- com.testng.DataProviderTest -->
