<?xml version="1.0" encoding="UTF-8"?>
<!-- Generated by org.testng.reporters.JUnitReportReporter -->
<testsuite hostname="Abhay-Gope" failures="0" tests="1" name="mysql.database.testing.CmdParameterTest" time="0.015" errors="0" timestamp="2023-11-10T23:14:38 IST" skipped="0">
  <testcase classname="mysql.database.testing.CmdParameterTest" name="mavenParameterTest" time="0.015"/>
  <system-out/>
</testsuite> <!-- mysql.database.testing.CmdParameterTest -->
