<?xml version="1.0" encoding="UTF-8"?>
<!-- Generated by org.testng.reporters.JUnitReportReporter -->
<testsuite hostname="Abhay-Gope" failures="0" tests="1" name="com.practice.sillySillyMam.JdbcQueryPractice" time="0.709" errors="0" timestamp="2023-12-03T12:11:32 IST" skipped="0">
  <testcase classname="com.practice.sillySillyMam.JdbcQueryPractice" name="jdbcNonSelectQuery" time="0.709"/>
  <system-out/>
</testsuite> <!-- com.practice.sillySillyMam.JdbcQueryPractice -->
