<?xml version="1.0" encoding="UTF-8"?>
<!-- Generated by org.testng.reporters.JUnitReportReporter -->
<testsuite hostname="Abhay-Gope" failures="0" tests="1" name="com.practice.sillySillyMam.SvgPractice" time="23.549" errors="0" timestamp="2023-12-28T12:07:45 IST" skipped="0">
  <testcase classname="com.practice.sillySillyMam.SvgPractice" name="worldOMeters" time="23.549"/>
  <system-out/>
</testsuite> <!-- com.practice.sillySillyMam.SvgPractice -->
