<?xml version="1.0" encoding="UTF-8"?>
<!-- Generated by org.testng.reporters.JUnitReportReporter -->
<testsuite hostname="Abhay-Gope" failures="0" tests="4" name="com.testng.PracticeTestNGTest" time="0.023" errors="0" timestamp="2023-11-20T14:43:53 IST" skipped="0">
  <testcase classname="com.testng.PracticeTestNGTest" name="deleteTest" time="0.004"/>
  <system-out>
DELETE  </system-out>
  <testcase classname="com.testng.PracticeTestNGTest" name="createTest" time="0.016"/>
  <system-out>
CREATE  </system-out>
  <testcase classname="com.testng.PracticeTestNGTest" name="modifyTest" time="0.001"/>
  <system-out>
MODIFY  </system-out>
  <testcase classname="com.testng.PracticeTestNGTest" name="editTest" time="0.002"/>
  <system-out>
EDIT  </system-out>
</testsuite> <!-- com.testng.PracticeTestNGTest -->
