<?xml version="1.0" encoding="UTF-8"?>
<!-- Generated by org.testng.reporters.JUnitReportReporter -->
<testsuite hostname="Abhay-Gope" failures="0" tests="2" name="com.testng.ExecutionOrderSample" time="0.029" errors="0" timestamp="2023-11-20T17:58:34 IST" skipped="0">
  <testcase classname="com.testng.ExecutionOrderSample" name="simple" time="0.011"/>
  <system-out/>
  <testcase classname="com.testng.ExecutionOrderSample" name="demo" time="0.018"/>
  <system-out/>
</testsuite> <!-- com.testng.ExecutionOrderSample -->
