<?xml version="1.0" encoding="UTF-8"?>
<!-- Generated by org.testng.reporters.JUnitReportReporter -->
<testsuite hostname="Abhay-Gope" failures="0" tests="2" name="com.testng.CorporateTest" time="0.969" errors="0" timestamp="2023-11-26T00:00:59 IST" skipped="0">
  <testcase classname="com.testng.CorporateTest" name="addCorporate_1_Test" time="0.552"/>
  <system-out/>
  <testcase classname="com.testng.CorporateTest" name="deleteCorporate_2_Test" time="0.417"/>
  <system-out/>
</testsuite> <!-- com.testng.CorporateTest -->
