<?xml version="1.0" encoding="UTF-8"?>
<!-- Generated by org.testng.reporters.JUnitReportReporter -->
<testsuite hostname="Abhay-Gope" failures="0" tests="1" name="com.practice.sillySillyMam.JsonDataPractice" time="0.036" errors="0" timestamp="2023-12-03T12:44:30 IST" skipped="0">
  <testcase classname="com.practice.sillySillyMam.JsonDataPractice" name="readJsonData" time="0.036"/>
  <system-out/>
</testsuite> <!-- com.practice.sillySillyMam.JsonDataPractice -->
