<?xml version="1.0" encoding="UTF-8"?>
<!-- Generated by org.testng.reporters.JUnitReportReporter -->
<testsuite hostname="Abhay-Gope" failures="0" tests="6" name="com.testng.DataProviderTest" time="0.074" errors="0" timestamp="2023-11-27T12:28:43 IST" skipped="0">
  <testcase classname="com.testng.DataProviderTest" name="getDataFromExcel" time="0.008"/>
  <system-out/>
  <testcase classname="com.testng.DataProviderTest" name="getDataFromExcel" time="0.020"/>
  <system-out/>
  <testcase classname="com.testng.DataProviderTest" name="getDataFromExcel" time="0.012"/>
  <system-out/>
  <testcase classname="com.testng.DataProviderTest" name="getDataFromExcel" time="0.004"/>
  <system-out/>
  <testcase classname="com.testng.DataProviderTest" name="getDataFromExcel" time="0.024"/>
  <system-out/>
  <testcase classname="com.testng.DataProviderTest" name="getDataFromExcel" time="0.006"/>
  <system-out/>
</testsuite> <!-- com.testng.DataProviderTest -->
