<?xml version="1.0" encoding="UTF-8"?>
<!-- Generated by org.testng.reporters.JUnitReportReporter -->
<testsuite hostname="Abhay-Gope" failures="0" tests="1" name="com.testng.BranchTest" time="0.016" errors="0" timestamp="2023-12-02T20:44:09 IST" skipped="0">
  <testcase classname="com.testng.BranchTest" name="addBranch_1_Test" time="0.016"/>
  <system-out/>
</testsuite> <!-- com.testng.BranchTest -->
