<?xml version="1.0" encoding="UTF-8"?>
<!-- Generated by org.testng.reporters.JUnitReportReporter -->
<testsuite hostname="Abhay-Gope" failures="0" tests="1" name="com.admin.CreateHRAssistant_DeleteHRA_AgainLogin_TC_34_test" time="56.965" errors="0" timestamp="2023-12-01T10:10:45 IST" skipped="0">
  <testcase classname="com.admin.CreateHRAssistant_DeleteHRA_AgainLogin_TC_34_test" name="tc_34_test" time="56.965"/>
  <system-out>
[ Test script execution starts from here. ] tc_34_test [ Test script executed successfully. ]  </system-out>
</testsuite> <!-- com.admin.CreateHRAssistant_DeleteHRA_AgainLogin_TC_34_test -->
