<?xml version="1.0" encoding="UTF-8"?>
<!-- Generated by org.testng.reporters.JUnitReportReporter -->
<testsuite hostname="Abhay-Gope" failures="0" tests="1" name="com.hrassistant.EditEmployee_FromHRA_CheckFromHRH_TC_24_test" time="80.812" errors="0" timestamp="2023-11-30T15:45:09 IST" skipped="0">
  <testcase classname="com.hrassistant.EditEmployee_FromHRA_CheckFromHRH_TC_24_test" name="tc_24_test" time="80.812"/>
  <system-out>
[ Test script execution starts from here. ] tc_24_test [ Test script executed successfully. ]  </system-out>
</testsuite> <!-- com.hrassistant.EditEmployee_FromHRA_CheckFromHRH_TC_24_test -->
