<?xml version="1.0" encoding="UTF-8"?>
<!-- Generated by org.testng.reporters.JUnitReportReporter -->
<testsuite hostname="Abhay-Gope" failures="0" tests="1" name="com.admin.CreateHRAssistant_DeleteHRA_AgainLogin_TC_34_test" time="30.241" errors="0" timestamp="2023-11-23T14:03:11 IST" skipped="0">
  <testcase classname="com.admin.CreateHRAssistant_DeleteHRA_AgainLogin_TC_34_test" name="tc_34_test" time="30.241"/>
  <system-out/>
</testsuite> <!-- com.admin.CreateHRAssistant_DeleteHRA_AgainLogin_TC_34_test -->
