<?xml version="1.0" encoding="UTF-8"?>
<!-- Generated by org.testng.reporters.JUnitReportReporter -->
<testsuite hostname="Abhay-Gope" failures="0" tests="1" name="com.admin.CreateHRHead_DowngradeTo_HROfficer_AddEmployee_TC_31_test" time="206.215" errors="0" timestamp="2023-12-01T10:10:44 IST" skipped="0">
  <testcase classname="com.admin.CreateHRHead_DowngradeTo_HROfficer_AddEmployee_TC_31_test" name="tc_31_test" time="206.215"/>
  <system-out>
[ Test script execution starts from here. ] [ Test script execution starts from here. ] tc_31_test [ Test script executed successfully. ] tc_31_test [ Test script executed successfully. ]  </system-out>
</testsuite> <!-- com.admin.CreateHRHead_DowngradeTo_HROfficer_AddEmployee_TC_31_test -->
