<?xml version="1.0" encoding="UTF-8"?>
<!-- Generated by org.testng.reporters.JUnitReportReporter -->
<testsuite hostname="Abhay-Gope" failures="0" tests="1" name="com.practice.sillySillyMam.BrokenLinksPractice" time="59.551" errors="0" timestamp="2023-12-03T12:49:42 IST" skipped="0">
  <testcase classname="com.practice.sillySillyMam.BrokenLinksPractice" name="brokenLinkTest" time="59.551"/>
  <system-out/>
</testsuite> <!-- com.practice.sillySillyMam.BrokenLinksPractice -->
