<?xml version="1.0" encoding="UTF-8"?>
<!-- Generated by org.testng.reporters.JUnitReportReporter -->
<testsuite hostname="Abhay-Gope" failures="0" tests="3" name="com.practice.sillySillyMam.FluentWaitPractice" time="63.995" errors="0" timestamp="2023-12-28T10:39:15 IST" skipped="0">
  <testcase classname="com.practice.sillySillyMam.FluentWaitPractice" name="deleteEmployee" time="28.659"/>
  <system-out>
[ Test script execution starts from here. ] deleteEmployee [ Test script executed successfully. ]  </system-out>
  <testcase classname="com.practice.sillySillyMam.FluentWaitPractice" name="deleteEmployee" time="23.992"/>
  <system-out>
[ Test script execution starts from here. ] deleteEmployee [ Test script executed successfully. ]  </system-out>
  <testcase classname="com.practice.sillySillyMam.FluentWaitPractice" name="deleteEmployee" time="11.344"/>
  <system-out>
[ Test script execution starts from here. ] deleteEmployee [ Test script executed successfully. ]  </system-out>
</testsuite> <!-- com.practice.sillySillyMam.FluentWaitPractice -->
