<?xml version="1.0" encoding="UTF-8"?>
<!-- Generated by org.testng.reporters.JUnitReportReporter -->
<testsuite hostname="Abhay-Gope" failures="0" tests="2" name="com.testng.ExecutionOrder" time="0.019" errors="0" timestamp="2023-11-20T17:33:13 IST" skipped="0">
  <testcase classname="com.testng.ExecutionOrder" name="testScript_2" time="0.004"/>
  <system-out/>
  <testcase classname="com.testng.ExecutionOrder" name="testScript_1" time="0.015"/>
  <system-out/>
</testsuite> <!-- com.testng.ExecutionOrder -->
