<?xml version="1.0" encoding="UTF-8"?>
<!-- Generated by org.testng.reporters.JUnitReportReporter -->
<testsuite hostname="Abhay-Gope" failures="0" tests="1" name="com.hrofficer.HrOfficerLogin_TC_02_test" time="8.090" errors="0" timestamp="2023-11-30T17:29:04 IST" skipped="0">
  <testcase classname="com.hrofficer.HrOfficerLogin_TC_02_test" name="tc_02_test" time="8.090"/>
  <system-out>
[ Test script execution starts from here. ] tc_02_test [ Test script executed successfully. ]  </system-out>
</testsuite> <!-- com.hrofficer.HrOfficerLogin_TC_02_test -->
