<?xml version="1.0" encoding="UTF-8"?>
<!-- Generated by org.testng.reporters.JUnitReportReporter -->
<testsuite hostname="Abhay-Gope" failures="0" tests="1" name="com.practice.sillySillyMam.Trip" time="0.018" errors="0" timestamp="2023-12-05T16:02:52 IST" skipped="0">
  <testcase classname="com.practice.sillySillyMam.Trip" name="tripTest" time="0.018"/>
  <system-out/>
</testsuite> <!-- com.practice.sillySillyMam.Trip -->
