<?xml version="1.0" encoding="UTF-8"?>
<!-- Generated by org.testng.reporters.JUnitReportReporter -->
<testsuite hostname="Abhay-Gope" failures="0" tests="1" name="com.testng.BranchTest" time="0.001" errors="0" timestamp="2023-11-22T14:04:40 IST" skipped="0">
  <testcase classname="com.testng.BranchTest" name="deleteBranch_2_Test" time="0.001"/>
  <system-out/>
</testsuite> <!-- com.testng.BranchTest -->
