<?xml version="1.0" encoding="UTF-8"?>
<!-- Generated by org.testng.reporters.JUnitReportReporter -->
<testsuite hostname="Abhay-Gope" failures="0" tests="1" name="com.hrofficer.DeleteEmployee_FromHRO_Check_Employee_KPI_TC_09_test" time="72.476" errors="0" timestamp="2023-11-23T12:30:25 IST" skipped="0">
  <testcase classname="com.hrofficer.DeleteEmployee_FromHRO_Check_Employee_KPI_TC_09_test" name="tc_09_test" time="72.476"/>
  <system-out/>
</testsuite> <!-- com.hrofficer.DeleteEmployee_FromHRO_Check_Employee_KPI_TC_09_test -->
